# JRE version: Java(TM) SE Runtime Environment (11.0.1+13) (build 11.0.1+13-LTS)
# Java VM: Java HotSpot(TM) 64-Bit Server VM (11.0.1+13-LTS, mixed mode, tiered, compressed oops, g1 gc, linux-amd64)
Heap:
 garbage-first heap   total 126976K, used 15943K [0x0000000085400000, 0x0000000100000000)
  region size 1024K, 14 young (14336K), 4 survivors (4096K)
 Metaspace       used 21333K, capacity 21744K, committed 22064K, reserved 1069056K
  class space    used 2314K, capacity 2419K, committed 2432K, reserved 1048576K
GC Heap History (8 events):
Event: 0,381 GC heap before
{Heap before GC invocations=0 (full 0):
 garbage-first heap   total 126976K, used 14336K [0x0000000085400000, 0x0000000100000000)
  region size 1024K, 14 young (14336K), 0 survivors (0K)
 Metaspace       used 11230K, capacity 11433K, committed 11776K, reserved 1060864K
  class space    used 1108K, capacity 1194K, committed 1280K, reserved 1048576K
}
Event: 0,387 GC heap after
{Heap after GC invocations=1 (full 0):
 garbage-first heap   total 126976K, used 3001K [0x0000000085400000, 0x0000000100000000)
  region size 1024K, 2 young (2048K), 2 survivors (2048K)
 Metaspace       used 11230K, capacity 11433K, committed 11776K, reserved 1060864K
  class space    used 1108K, capacity 1194K, committed 1280K, reserved 1048576K
}
Event: 0,636 GC heap before
{Heap before GC invocations=1 (full 0):
 garbage-first heap   total 126976K, used 21433K [0x0000000085400000, 0x0000000100000000)
  region size 1024K, 20 young (20480K), 2 survivors (2048K)
 Metaspace       used 13475K, capacity 13785K, committed 14080K, reserved 1062912K
  class space    used 1404K, capacity 1486K, committed 1536K, reserved 1048576K
}
Event: 0,641 GC heap after
{Heap after GC invocations=2 (full 0):
 garbage-first heap   total 126976K, used 3837K [0x0000000085400000, 0x0000000100000000)
  region size 1024K, 1 young (1024K), 1 survivors (1024K)
 Metaspace       used 13475K, capacity 13785K, committed 14080K, reserved 1062912K
  class space    used 1404K, capacity 1486K, committed 1536K, reserved 1048576K
}
Event: 1,137 GC heap before
{Heap before GC invocations=2 (full 0):
 garbage-first heap   total 126976K, used 31485K [0x0000000085400000, 0x0000000100000000)
  region size 1024K, 28 young (28672K), 1 survivors (1024K)
 Metaspace       used 19014K, capacity 19400K, committed 19968K, reserved 1067008K
  class space    used 2087K, capacity 2214K, committed 2304K, reserved 1048576K
}
Event: 1,141 GC heap after
{Heap after GC invocations=3 (full 0):
 garbage-first heap   total 126976K, used 5654K [0x0000000085400000, 0x0000000100000000)
  region size 1024K, 3 young (3072K), 3 survivors (3072K)
 Metaspace       used 19014K, capacity 19400K, committed 19968K, reserved 1067008K
  class space    used 2087K, capacity 2214K, committed 2304K, reserved 1048576K
}
Event: 1,412 GC heap before
{Heap before GC invocations=3 (full 0):
 garbage-first heap   total 126976K, used 19990K [0x0000000085400000, 0x0000000100000000)
  region size 1024K, 18 young (18432K), 3 survivors (3072K)
 Metaspace       used 20518K, capacity 20888K, committed 21296K, reserved 1069056K
  class space    used 2210K, capacity 2347K, committed 2432K, reserved 1048576K
}
Event: 1,420 GC heap after
{Heap after GC invocations=4 (full 0):
 garbage-first heap   total 126976K, used 6727K [0x0000000085400000, 0x0000000100000000)
  region size 1024K, 4 young (4096K), 4 survivors (4096K)
 Metaspace       used 20518K, capacity 20888K, committed 21296K, reserved 1069056K
  class space    used 2210K, capacity 2347K, committed 2432K, reserved 1048576K
}

